x =  0 + 0*i
y = 3 + 0*i
z = -3.2 + 2.1*i

x =  3 + -4*i

testing members and support functions as well as output operator:
complex number x = 3 + -4*i

real part: 3
real part from friend real(x): 3
imaginary part: -4
imaginary part from friend imag(x) : -4
norm: 5

x!=y

z = x + y = 4 + -5*i

z = x * y = -1 + -7*i

z = x - y = 2 + -3*i

z = x / y = 3.5 + -0.5*i


d: 2   x: 3 + -4*i

x+d: 5 + -4*i

x-d: 1 + -4*i

x*d: 6 + -8*i

x/d: 1.5 + -2*i

d+x: 5 + -4*i

d-x: -1 + -4*i

d*x: 6 + -8*i

d/x: 0.24 + 0.32*i

two/x: 0.24 + 0.32*i


Getting data from standard input:
x = 3 + 4*i
y = 5 + 6*i
data read is: x = 3 + 4*i
 y = 5 + 6*i


請按任意鍵繼續 . . .
